c:\users\thust\onedrive\desktop\university year 3\cmp304 ai\cmp304-ai-wk3-behaviour-trees\week 3 - behaviour trees\behaviour tree\behaviortrees\behaviortrees\x64\debug\vc142.pdb
c:\users\thust\onedrive\desktop\university year 3\cmp304 ai\cmp304-ai-wk3-behaviour-trees\week 3 - behaviour trees\behaviour tree\behaviortrees\behaviortrees\x64\debug\vc142.idb
c:\users\thust\onedrive\desktop\university year 3\cmp304 ai\cmp304-ai-wk3-behaviour-trees\week 3 - behaviour trees\behaviour tree\behaviortrees\behaviortrees\x64\debug\main.obj
c:\users\thust\onedrive\desktop\university year 3\cmp304 ai\cmp304-ai-assignment\behaviour tree\behaviortrees\behaviortrees\x64\debug\vc142.pdb
c:\users\thust\onedrive\desktop\university year 3\cmp304 ai\cmp304-ai-assignment\behaviour tree\behaviortrees\behaviortrees\x64\debug\vc142.idb
c:\users\thust\onedrive\desktop\university year 3\cmp304 ai\cmp304-ai-assignment\behaviour tree\behaviortrees\behaviortrees\x64\debug\main.obj
c:\users\thust\onedrive\desktop\university year 3\cmp304 ai\cmp304-ai-wk3-behaviour-trees\week 3 - behaviour trees\behaviour tree\behaviortrees\debug\behaviortrees.exe
c:\users\thust\onedrive\desktop\university year 3\cmp304 ai\cmp304-ai-wk3-behaviour-trees\week 3 - behaviour trees\behaviour tree\behaviortrees\debug\behaviortrees.ilk
c:\users\thust\onedrive\desktop\university year 3\cmp304 ai\cmp304-ai-wk3-behaviour-trees\week 3 - behaviour trees\behaviour tree\behaviortrees\debug\behaviortrees.pdb
c:\users\thust\onedrive\desktop\university year 3\cmp304 ai\cmp304-ai-assignment\behaviour tree\behaviortrees\debug\behaviortrees.exe
c:\users\thust\onedrive\desktop\university year 3\cmp304 ai\cmp304-ai-assignment\behaviour tree\behaviortrees\debug\behaviortrees.ilk
c:\users\thust\onedrive\desktop\university year 3\cmp304 ai\cmp304-ai-assignment\behaviour tree\behaviortrees\debug\behaviortrees.pdb
c:\users\thust\onedrive\desktop\university year 3\cmp304 ai\cmp304-ai-assignment\behaviour tree\behaviortrees\behaviortrees\x64\debug\behaviortrees.ilk
c:\users\thust\onedrive\desktop\university year 3\cmp304 ai\cmp304-ai-assignment\behaviour tree\behaviortrees\\debug\behaviortrees.pdb
c:\users\thust\onedrive\desktop\university year 3\cmp304 ai\cmp304-ai-assignment\behaviour tree\behaviortrees\\debug\behaviortrees.exe
c:\users\thust\onedrive\desktop\university year 3\cmp304 ai\cmp304-ai-assignment\behaviour tree\behaviortrees\\debug\behaviortrees.ilk
c:\users\thust\onedrive\desktop\university year 3\cmp304 ai\cmp304-ai-assignment\behaviour tree\behaviortrees\behaviortrees\x64\debug\behaviortrees.tlog\cl.command.1.tlog
c:\users\thust\onedrive\desktop\university year 3\cmp304 ai\cmp304-ai-assignment\behaviour tree\behaviortrees\behaviortrees\x64\debug\behaviortrees.tlog\cl.read.1.tlog
c:\users\thust\onedrive\desktop\university year 3\cmp304 ai\cmp304-ai-assignment\behaviour tree\behaviortrees\behaviortrees\x64\debug\behaviortrees.tlog\cl.write.1.tlog
c:\users\thust\onedrive\desktop\university year 3\cmp304 ai\cmp304-ai-assignment\behaviour tree\behaviortrees\behaviortrees\x64\debug\behaviortrees.tlog\link.command.1.tlog
c:\users\thust\onedrive\desktop\university year 3\cmp304 ai\cmp304-ai-assignment\behaviour tree\behaviortrees\behaviortrees\x64\debug\behaviortrees.tlog\link.delete.1.tlog
c:\users\thust\onedrive\desktop\university year 3\cmp304 ai\cmp304-ai-assignment\behaviour tree\behaviortrees\behaviortrees\x64\debug\behaviortrees.tlog\link.read.1.tlog
c:\users\thust\onedrive\desktop\university year 3\cmp304 ai\cmp304-ai-assignment\behaviour tree\behaviortrees\behaviortrees\x64\debug\behaviortrees.tlog\link.write.1.tlog
