c:\users\cameron thustain\desktop\games assigment cmp105\coursework\cmp105app\x64\debug\vc142.pdb
c:\users\cameron thustain\desktop\games assigment cmp105\coursework\cmp105app\x64\debug\vc142.idb
c:\users\cameron thustain\desktop\games assigment cmp105\coursework\cmp105app\x64\debug\player.obj
c:\users\cameron thustain\desktop\games assigment cmp105\coursework\cmp105app\x64\debug\main.obj
c:\users\cameron thustain\desktop\games assigment cmp105\coursework\cmp105app\x64\debug\level.obj
c:\users\cameron thustain\desktop\games assigment cmp105\coursework\cmp105app\x64\debug\vector.obj
c:\users\cameron thustain\desktop\games assigment cmp105\coursework\cmp105app\x64\debug\tilemap.obj
c:\users\cameron thustain\desktop\games assigment cmp105\coursework\cmp105app\x64\debug\soundobject.obj
c:\users\cameron thustain\desktop\games assigment cmp105\coursework\cmp105app\x64\debug\gameobject.obj
c:\users\cameron thustain\desktop\games assigment cmp105\coursework\cmp105app\x64\debug\musicobject.obj
c:\users\cameron thustain\desktop\games assigment cmp105\coursework\cmp105app\x64\debug\input.obj
c:\users\cameron thustain\desktop\games assigment cmp105\coursework\cmp105app\x64\debug\gamestate.obj
c:\users\cameron thustain\desktop\games assigment cmp105\coursework\cmp105app\x64\debug\collision.obj
c:\users\cameron thustain\desktop\games assigment cmp105\coursework\cmp105app\x64\debug\audiomanager.obj
c:\users\cameron thustain\desktop\games assigment cmp105\coursework\cmp105app\x64\debug\animation.obj
c:\users\cameron thustain\desktop\games assigment cmp105\coursework\cmp105app\x64\debug\background.obj
c:\users\cameron thustain\desktop\games assigment cmp105\coursework\cmp105app\x64\debug\enemy.obj
c:\users\cameron thustain\desktop\games assigment cmp105\coursework\cmp105app\x64\debug\bullet.obj
c:\users\cameron thustain\desktop\games assigment cmp105\coursework\cmp105app\x64\debug\tile.obj
c:\users\cameron thustain\desktop\cmp105 assignment redo\coursework\cmp105app\x64\debug\vc142.pdb
c:\users\cameron thustain\desktop\cmp105 assignment redo\coursework\cmp105app\x64\debug\vc142.idb
c:\users\cameron thustain\desktop\cmp105 assignment redo\coursework\cmp105app\x64\debug\player.obj
c:\users\cameron thustain\desktop\cmp105 assignment redo\coursework\cmp105app\x64\debug\mainmenu.obj
c:\users\cameron thustain\desktop\cmp105 assignment redo\coursework\cmp105app\x64\debug\main.obj
c:\users\cameron thustain\desktop\cmp105 assignment redo\coursework\cmp105app\x64\debug\level.obj
c:\users\cameron thustain\desktop\cmp105 assignment redo\coursework\cmp105app\x64\debug\vector.obj
c:\users\cameron thustain\desktop\cmp105 assignment redo\coursework\cmp105app\x64\debug\tilemap.obj
c:\users\cameron thustain\desktop\cmp105 assignment redo\coursework\cmp105app\x64\debug\soundobject.obj
c:\users\cameron thustain\desktop\cmp105 assignment redo\coursework\cmp105app\x64\debug\gameobject.obj
c:\users\cameron thustain\desktop\cmp105 assignment redo\coursework\cmp105app\x64\debug\musicobject.obj
c:\users\cameron thustain\desktop\cmp105 assignment redo\coursework\cmp105app\x64\debug\input.obj
c:\users\cameron thustain\desktop\cmp105 assignment redo\coursework\cmp105app\x64\debug\gamestate.obj
c:\users\cameron thustain\desktop\cmp105 assignment redo\coursework\cmp105app\x64\debug\collision.obj
c:\users\cameron thustain\desktop\cmp105 assignment redo\coursework\cmp105app\x64\debug\audiomanager.obj
c:\users\cameron thustain\desktop\cmp105 assignment redo\coursework\cmp105app\x64\debug\animation.obj
c:\users\cameron thustain\desktop\cmp105 assignment redo\coursework\cmp105app\x64\debug\enemy.obj
c:\users\cameron thustain\desktop\cmp105 assignment redo\coursework\cmp105app\x64\debug\background.obj
c:\users\cameron thustain\desktop\cmp105 assignment redo\coursework\cmp105app\x64\debug\optionsscreen.obj
c:\users\cameron thustain\desktop\cmp105 assignment redo\coursework\cmp105app\x64\debug\pausescreen.obj
c:\users\cameron thustain\desktop\cmp105 assignment redo\coursework\cmp105app\x64\debug\deathscreen.obj
c:\users\cameron thustain\desktop\cmp105 assignment redo\coursework\cmp105app\x64\debug\creditsscreen.obj
c:\users\cameron thustain\desktop\cmp105 assignment redo\coursework\cmp105app\x64\debug\collectablebullets.obj
c:\users\cameron thustain\desktop\games assigment cmp105\coursework\x64\debug\cmp105app.exe
c:\users\cameron thustain\desktop\games assigment cmp105\coursework\x64\debug\cmp105app.ilk
c:\users\cameron thustain\desktop\games assigment cmp105\coursework\x64\debug\cmp105app.pdb
c:\users\cameron thustain\desktop\cmp105 assignment redo\coursework\x64\debug\cmp105app.exe
c:\users\cameron thustain\desktop\cmp105 assignment redo\coursework\x64\debug\cmp105app.ilk
c:\users\cameron thustain\desktop\cmp105 assignment redo\coursework\x64\debug\cmp105app.pdb
c:\users\cameron thustain\desktop\cmp105 assignment redo\coursework\cmp105app\x64\debug\cmp105app.tlog\cl.command.1.tlog
c:\users\cameron thustain\desktop\cmp105 assignment redo\coursework\cmp105app\x64\debug\cmp105app.tlog\cl.read.1.tlog
c:\users\cameron thustain\desktop\cmp105 assignment redo\coursework\cmp105app\x64\debug\cmp105app.tlog\cl.write.1.tlog
c:\users\cameron thustain\desktop\cmp105 assignment redo\coursework\cmp105app\x64\debug\cmp105app.tlog\link.command.1.tlog
c:\users\cameron thustain\desktop\cmp105 assignment redo\coursework\cmp105app\x64\debug\cmp105app.tlog\link.read.1.tlog
c:\users\cameron thustain\desktop\cmp105 assignment redo\coursework\cmp105app\x64\debug\cmp105app.tlog\link.write.1.tlog
