c:\users\thust\onedrive\desktop\university year 3\cmp303 network systems\coursework\cmp303_1900594_thustain\coursework\cmp105app\x64\release\vc142.pdb
c:\users\thust\onedrive\desktop\university year 3\cmp303 network systems\coursework\cmp303_1900594_thustain\coursework\cmp105app\x64\release\optionsscreen.obj
c:\users\thust\onedrive\desktop\university year 3\cmp303 network systems\coursework\cmp303_1900594_thustain\coursework\cmp105app\x64\release\mainmenu.obj
c:\users\thust\onedrive\desktop\university year 3\cmp303 network systems\coursework\cmp303_1900594_thustain\coursework\cmp105app\x64\release\main.obj
c:\users\thust\onedrive\desktop\university year 3\cmp303 network systems\coursework\cmp303_1900594_thustain\coursework\cmp105app\x64\release\level.obj
c:\users\thust\onedrive\desktop\university year 3\cmp303 network systems\coursework\cmp303_1900594_thustain\coursework\cmp105app\x64\release\vector.obj
c:\users\thust\onedrive\desktop\university year 3\cmp303 network systems\coursework\cmp303_1900594_thustain\coursework\cmp105app\x64\release\tilemap.obj
c:\users\thust\onedrive\desktop\university year 3\cmp303 network systems\coursework\cmp303_1900594_thustain\coursework\cmp105app\x64\release\soundobject.obj
c:\users\thust\onedrive\desktop\university year 3\cmp303 network systems\coursework\cmp303_1900594_thustain\coursework\cmp105app\x64\release\gameobject.obj
c:\users\thust\onedrive\desktop\university year 3\cmp303 network systems\coursework\cmp303_1900594_thustain\coursework\cmp105app\x64\release\musicobject.obj
c:\users\thust\onedrive\desktop\university year 3\cmp303 network systems\coursework\cmp303_1900594_thustain\coursework\cmp105app\x64\release\input.obj
c:\users\thust\onedrive\desktop\university year 3\cmp303 network systems\coursework\cmp303_1900594_thustain\coursework\cmp105app\x64\release\gamestate.obj
c:\users\thust\onedrive\desktop\university year 3\cmp303 network systems\coursework\cmp303_1900594_thustain\coursework\cmp105app\x64\release\collision.obj
c:\users\thust\onedrive\desktop\university year 3\cmp303 network systems\coursework\cmp303_1900594_thustain\coursework\cmp105app\x64\release\audiomanager.obj
c:\users\thust\onedrive\desktop\university year 3\cmp303 network systems\coursework\cmp303_1900594_thustain\coursework\cmp105app\x64\release\animation.obj
c:\users\thust\onedrive\desktop\university year 3\cmp303 network systems\coursework\cmp303_1900594_thustain\coursework\cmp105app\x64\release\enemy2.obj
c:\users\thust\onedrive\desktop\university year 3\cmp303 network systems\coursework\cmp303_1900594_thustain\coursework\cmp105app\x64\release\enemy.obj
c:\users\thust\onedrive\desktop\university year 3\cmp303 network systems\coursework\cmp303_1900594_thustain\coursework\cmp105app\x64\release\deathscreen.obj
c:\users\thust\onedrive\desktop\university year 3\cmp303 network systems\coursework\cmp303_1900594_thustain\coursework\cmp105app\x64\release\creditsscreen.obj
c:\users\thust\onedrive\desktop\university year 3\cmp303 network systems\coursework\cmp303_1900594_thustain\coursework\cmp105app\x64\release\collectablebullets.obj
c:\users\thust\onedrive\desktop\university year 3\cmp303 network systems\coursework\cmp303_1900594_thustain\coursework\cmp105app\x64\release\background.obj
c:\users\thust\onedrive\desktop\university year 3\cmp303 network systems\coursework\cmp303_1900594_thustain\coursework\cmp105app\x64\release\player.obj
c:\users\thust\onedrive\desktop\university year 3\cmp303 network systems\coursework\cmp303_1900594_thustain\coursework\cmp105app\x64\release\pausescreen.obj
c:\users\thust\onedrive\desktop\university year 3\cmp303 network systems\coursework\cmp303_1900594_thustain\coursework\cmp105app\x64\release\server.obj
c:\users\thust\onedrive\desktop\university year 3\cmp303 network systems\coursework\cmp303_1900594_thustain\coursework\cmp105app\x64\release\client.obj
c:\users\thust\onedrive\desktop\university year 3\cmp303 network systems\coursework\cmp303_1900594_thustain\coursework\cmp105app\x64\release\network_utils.obj
c:\users\thust\onedrive\desktop\university year 3\cmp303 network systems\coursework\cmp303_1900594_thustain\coursework\x64\release\cmp105app.ipdb
c:\users\thust\onedrive\desktop\university year 3\cmp303 network systems\coursework\cmp303_1900594_thustain\coursework\x64\release\cmp105app.iobj
c:\users\thust\onedrive\desktop\university year 3\cmp303 network systems\coursework\cmp303_1900594_thustain\coursework\x64\release\cmp105app.exe
c:\users\thust\onedrive\desktop\university year 3\cmp303 network systems\coursework\cmp303_1900594_thustain\coursework\x64\release\cmp105app.pdb
c:\users\thust\onedrive\desktop\university year 3\cmp303 network systems\coursework\cmp303_1900594_thustain\coursework\cmp105app\x64\release\cmp105app.tlog\cl.command.1.tlog
c:\users\thust\onedrive\desktop\university year 3\cmp303 network systems\coursework\cmp303_1900594_thustain\coursework\cmp105app\x64\release\cmp105app.tlog\cl.read.1.tlog
c:\users\thust\onedrive\desktop\university year 3\cmp303 network systems\coursework\cmp303_1900594_thustain\coursework\cmp105app\x64\release\cmp105app.tlog\cl.write.1.tlog
c:\users\thust\onedrive\desktop\university year 3\cmp303 network systems\coursework\cmp303_1900594_thustain\coursework\cmp105app\x64\release\cmp105app.tlog\cmp105app.write.1u.tlog
c:\users\thust\onedrive\desktop\university year 3\cmp303 network systems\coursework\cmp303_1900594_thustain\coursework\cmp105app\x64\release\cmp105app.tlog\link.command.1.tlog
c:\users\thust\onedrive\desktop\university year 3\cmp303 network systems\coursework\cmp303_1900594_thustain\coursework\cmp105app\x64\release\cmp105app.tlog\link.read.1.tlog
c:\users\thust\onedrive\desktop\university year 3\cmp303 network systems\coursework\cmp303_1900594_thustain\coursework\cmp105app\x64\release\cmp105app.tlog\link.write.1.tlog
