c:\users\thust\onedrive\desktop\university year 3\cmp304 ai\cmp304-ai-wk3-behaviour-trees\week 3 - behaviour trees\behaviour tree\behaviortrees\btlib\x64\debug\btlib.pdb
c:\users\thust\onedrive\desktop\university year 3\cmp304 ai\cmp304-ai-wk3-behaviour-trees\week 3 - behaviour trees\behaviour tree\behaviortrees\btlib\x64\debug\btlib.idb
c:\users\thust\onedrive\desktop\university year 3\cmp304 ai\cmp304-ai-wk3-behaviour-trees\week 3 - behaviour trees\behaviour tree\behaviortrees\btlib\x64\debug\selectornode.obj
c:\users\thust\onedrive\desktop\university year 3\cmp304 ai\cmp304-ai-wk3-behaviour-trees\week 3 - behaviour trees\behaviour tree\behaviortrees\btlib\x64\debug\sequenceselector.obj
c:\users\thust\onedrive\desktop\university year 3\cmp304 ai\cmp304-ai-wk3-behaviour-trees\week 3 - behaviour trees\behaviour tree\behaviortrees\btlib\x64\debug\leafnode.obj
c:\users\thust\onedrive\desktop\university year 3\cmp304 ai\cmp304-ai-wk3-behaviour-trees\week 3 - behaviour trees\behaviour tree\behaviortrees\btlib\x64\debug\fallbackselector.obj
c:\users\thust\onedrive\desktop\university year 3\cmp304 ai\cmp304-ai-wk3-behaviour-trees\week 3 - behaviour trees\behaviour tree\behaviortrees\btlib\x64\debug\decorator.obj
c:\users\thust\onedrive\desktop\university year 3\cmp304 ai\cmp304-ai-wk3-behaviour-trees\week 3 - behaviour trees\behaviour tree\behaviortrees\btlib\x64\debug\blackboard.obj
c:\users\thust\onedrive\desktop\university year 3\cmp304 ai\cmp304-ai-assignment\behaviour tree\behaviortrees\btlib\x64\debug\btlib.pdb
c:\users\thust\onedrive\desktop\university year 3\cmp304 ai\cmp304-ai-assignment\behaviour tree\behaviortrees\btlib\x64\debug\btlib.idb
c:\users\thust\onedrive\desktop\university year 3\cmp304 ai\cmp304-ai-assignment\behaviour tree\behaviortrees\btlib\x64\debug\selectornode.obj
c:\users\thust\onedrive\desktop\university year 3\cmp304 ai\cmp304-ai-assignment\behaviour tree\behaviortrees\btlib\x64\debug\sequenceselector.obj
c:\users\thust\onedrive\desktop\university year 3\cmp304 ai\cmp304-ai-assignment\behaviour tree\behaviortrees\btlib\x64\debug\leafnode.obj
c:\users\thust\onedrive\desktop\university year 3\cmp304 ai\cmp304-ai-assignment\behaviour tree\behaviortrees\btlib\x64\debug\fallbackselector.obj
c:\users\thust\onedrive\desktop\university year 3\cmp304 ai\cmp304-ai-assignment\behaviour tree\behaviortrees\btlib\x64\debug\decorator.obj
c:\users\thust\onedrive\desktop\university year 3\cmp304 ai\cmp304-ai-assignment\behaviour tree\behaviortrees\btlib\x64\debug\blackboard.obj
c:\users\thust\onedrive\desktop\university year 3\cmp304 ai\cmp304-ai-wk3-behaviour-trees\week 3 - behaviour trees\behaviour tree\behaviortrees\btlib\output\debug\btlib_d.lib
c:\users\thust\onedrive\desktop\university year 3\cmp304 ai\cmp304-ai-assignment\behaviour tree\behaviortrees\btlib\output\debug\btlib_d.lib
c:\users\thust\onedrive\desktop\university year 3\cmp304 ai\cmp304-ai-assignment\behaviour tree\behaviortrees\btlib\output\debug\btlib_d.pdb
c:\users\thust\onedrive\desktop\university year 3\cmp304 ai\cmp304-ai-assignment\behaviour tree\behaviortrees\btlib\x64\debug\btlib.tlog\cl.command.1.tlog
c:\users\thust\onedrive\desktop\university year 3\cmp304 ai\cmp304-ai-assignment\behaviour tree\behaviortrees\btlib\x64\debug\btlib.tlog\cl.read.1.tlog
c:\users\thust\onedrive\desktop\university year 3\cmp304 ai\cmp304-ai-assignment\behaviour tree\behaviortrees\btlib\x64\debug\btlib.tlog\cl.write.1.tlog
c:\users\thust\onedrive\desktop\university year 3\cmp304 ai\cmp304-ai-assignment\behaviour tree\behaviortrees\btlib\x64\debug\btlib.tlog\lib-link.read.1.tlog
c:\users\thust\onedrive\desktop\university year 3\cmp304 ai\cmp304-ai-assignment\behaviour tree\behaviortrees\btlib\x64\debug\btlib.tlog\lib-link.write.1.tlog
c:\users\thust\onedrive\desktop\university year 3\cmp304 ai\cmp304-ai-assignment\behaviour tree\behaviortrees\btlib\x64\debug\btlib.tlog\lib.command.1.tlog
